New folder/app/outputs/mapping/release/seeds.txt
io.flutter.embedding.engine.systemchannels.TextInputChannel$TextCapitalization: io.flutter.embedding.engine.systemchannels.TextInputChannel$TextCapitalization valueOf(java.lang.String)
androidx.lifecycle.ReportFragment$LifecycleCallbacks: void onActivityResumed(android.app.Activity)
io.flutter.view.FlutterCallbackInformation: FlutterCallbackInformation(java.lang.String,java.lang.String,java.lang.String)
io.flutter.plugin.editing.TextInputPlugin$InputTarget$Type: io.flutter.plugin.editing.TextInputPlugin$InputTarget$Type[] values()
io.flutter.plugin.editing.ImeSyncDeferringInsetsCallback: android.view.View view
androidx.appcompat.widget.AppCompatSpinner: java.lang.CharSequence getPrompt()
androidx.appcompat.widget.Toolbar: void setOverflowIcon(android.graphics.drawable.Drawable)
io.flutter.plugin.editing.ImeSyncDeferringInsetsCallback: int access$500(io.flutter.plugin.editing.ImeSyncDeferringInsetsCallback)
io.flutter.embedding.engine.FlutterJNI: void updateSemantics(java.nio.ByteBuffer,java.lang.String[])
io.flutter.plugin.editing.ImeSyncDeferringInsetsCallback: void remove()
io.flutter.embedding.engine.FlutterJNI: void nativeOnVsync(long,long,long)
androidx.appcompat.widget.ActionBarContextView: void setVisibility(int)
androidx.appcompat.widget.Toolbar: int getPopupTheme()
com.google.zxing.qrcode.decoder.ErrorCorrectionLevel: com.google.zxing.qrcode.decoder.ErrorCorrectionLevel valueOf(java.lang.String)
androidx.appcompat.widget.ActionBarOverlayLayout
com.google.zxing.common.CharacterSetECI: com.google.zxing.common.CharacterSetECI valueOf(java.lang.String)
io.flutter.view.FlutterCallbackInformation: java.lang.String callbackLibraryPath
io.flutter.embedding.engine.FlutterJNI: io.flutter.embedding.engine.FlutterJNI nativeSpawn(long,java.lang.String,java.lang.String)
io.flutter.embedding.android.RenderMode: io.flutter.embedding.android.RenderMode valueOf(java.lang.String)
com.journeyapps.barcodescanner.DecoratedBarcodeView: void setDecoderFactory(com.journeyapps.barcodescanner.DecoderFactory)
io.flutter.embedding.engine.renderer.SurfaceTextureWrapper: void getTransformMatrix(float[])
androidx.appcompat.widget.SearchView: void setImeOptions(int)
androidx.appcompat.widget.Toolbar: void setContentInsetStartWithNavigation(int)
io.flutter.embedding.engine.FlutterJNI: java.lang.Long nativeShellHolderId
androidx.appcompat.widget.LinearLayoutCompat: int getBaselineAlignedChildIndex()
androidx.appcompat.widget.ActionMenuView: void setOverflowIcon(android.graphics.drawable.Drawable)
androidx.appcompat.widget.LinearLayoutCompat: LinearLayoutCompat(android.content.Context,android.util.AttributeSet,int)
androidx.appcompat.widget.AppCompatImageView: android.graphics.PorterDuff$Mode getSupportImageTintMode()
androidx.appcompat.widget.AppCompatImageView: void setSupportImageTintMode(android.graphics.PorterDuff$Mode)
androidx.appcompat.widget.ActionMenuView: android.view.Menu getMenu()
androidx.appcompat.widget.AppCompatRadioButton: int getCompoundPaddingLeft()
io.flutter.embedding.engine.FlutterJNI: void nativeMarkTextureFrameAvailable(long,long)
io.flutter.embedding.engine.systemchannels.PlatformChannel$HapticFeedbackType: io.flutter.embedding.engine.systemchannels.PlatformChannel$HapticFeedbackType valueOf(java.lang.String)
androidx.appcompat.view.menu.ActionMenuItemView: ActionMenuItemView(android.content.Context,android.util.AttributeSet)
io.flutter.embedding.engine.FlutterJNI: void nativeSurfaceChanged(long,int,int)
io.flutter.embedding.engine.FlutterJNI: void dispatchPlatformMessage(java.lang.String,java.nio.ByteBuffer,int,int)
io.flutter.embedding.engine.FlutterOverlaySurface: FlutterOverlaySurface(int,android.view.Surface)
io.flutter.plugin.platform.SingleViewPresentation: io.flutter.plugin.platform.SingleViewPresentation$PresentationState state
androidx.appcompat.widget.Toolbar: android.view.Menu getMenu()
io.flutter.embedding.engine.FlutterJNI: void ensureAttachedToNative()