New folder/app/outputs/mapping/release/mapping.txt
# compiler: R8
# compiler_version: 2.1.62
# min_api: 20
# pg_map_id: b3bbc78
# common_typos_disable
...
com.google.zxing.FormatException -> b.a.a.f:
    com.google.zxing.FormatException INSTANCE -> d
    com.google.zxing.FormatException getFormatInstance() -> a
    com.google.zxing.FormatException getFormatInstance(java.lang.Throwable) -> b
com.google.zxing.InvertedLuminanceSource -> b.a.a.g:
    com.google.zxing.LuminanceSource delegate -> c
    byte[] getMatrix() -> b
    byte[] getRow(int,byte[]) -> c
    com.google.zxing.LuminanceSource invert() -> e
    boolean isRotateSupported() -> f
    com.google.zxing.LuminanceSource rotateCounterClockwise() -> g
com.google.zxing.LuminanceSource -> b.a.a.h:
    int height -> b
    int width -> a
    int getHeight() -> a
    byte[] getMatrix() -> b
    byte[] getRow(int,byte[]) -> c
    int getWidth() -> d
    com.google.zxing.LuminanceSource invert() -> e
    boolean isRotateSupported() -> f
    com.google.zxing.LuminanceSource rotateCounterClockwise() -> g
com.google.zxing.MultiFormatReader -> b.a.a.i:
    java.util.Map hints -> a
    com.google.zxing.Reader[] readers -> b
    com.google.zxing.Result decode(com.google.zxing.BinaryBitmap,java.util.Map) -> a
    com.google.zxing.Result decode(com.google.zxing.BinaryBitmap) -> b
    void reset() -> c
    com.google.zxing.Result decodeInternal(com.google.zxing.BinaryBitmap) -> d
    com.google.zxing.Result decodeWithState(com.google.zxing.BinaryBitmap) -> e
    void setHints(java.util.Map) -> f
com.google.zxing.NotFoundException -> b.a.a.j:
    com.google.zxing.NotFoundException INSTANCE -> d
    com.google.zxing.NotFoundException getNotFoundInstance() -> a
com.google.zxing.PlanarYUVLuminanceSource -> b.a.a.k:
    int left -> f
    int top -> g
    int dataWidth -> d
    int dataHeight -> e
    byte[] yuvData -> c
    byte[] getMatrix() -> b
    byte[] getRow(int,byte[]) -> c
    void reverseHorizontal(int,int) -> h
com.google.zxing.Reader -> b.a.a.l:
    com.google.zxing.Result decode(com.google.zxing.BinaryBitmap,java.util.Map) -> a
    com.google.zxing.Result decode(com.google.zxing.BinaryBitmap) -> b
    void reset() -> c
com.google.zxing.ReaderException -> b.a.a.m:
    java.lang.StackTraceElement[] NO_TRACE -> c
    boolean isStackTrace -> b
com.google.zxing.Result -> b.a.a.n:
    com.google.zxing.ResultPoint[] resultPoints -> c
    byte[] rawBytes -> b
    com.google.zxing.BarcodeFormat format -> d
    java.lang.String text -> a
    java.util.Map resultMetadata -> e
    void addResultPoints(com.google.zxing.ResultPoint[]) -> a
    com.google.zxing.BarcodeFormat getBarcodeFormat() -> b
    byte[] getRawBytes() -> c
    java.util.Map getResultMetadata() -> d
    com.google.zxing.ResultPoint[] getResultPoints() -> e
    java.lang.String getText() -> f
    void putAllMetadata(java.util.Map) -> g
    void putMetadata(com.google.zxing.ResultMetadataType,java.lang.Object) -> h
com.google.zxing.ResultMetadataType -> b.a.a.o:
    com.google.zxing.ResultMetadataType STRUCTURED_APPEND_SEQUENCE -> k
    com.google.zxing.ResultMetadataType STRUCTURED_APPEND_PARITY -> l
    com.google.zxing.ResultMetadataType UPC_EAN_EXTENSION -> i
    com.google.zxing.ResultMetadataType PDF417_EXTRA_METADATA -> j
    com.google.zxing.ResultMetadataType ORIENTATION -> c
    com.google.zxing.ResultMetadataType[] $VALUES -> m
    com.google.zxing.ResultMetadataType BYTE_SEGMENTS -> d
    com.google.zxing.ResultMetadataType OTHER -> b
    com.google.zxing.ResultMetadataType SUGGESTED_PRICE -> g
    com.google.zxing.ResultMetadataType POSSIBLE_COUNTRY -> h
    com.google.zxing.ResultMetadataType ERROR_CORRECTION_LEVEL -> e
    com.google.zxing.ResultMetadataType ISSUE_NUMBER -> f
com.google.zxing.ResultPoint -> b.a.a.p:
    float y -> b
    float x -> a
    float crossProductZ(com.google.zxing.ResultPoint,com.google.zxing.ResultPoint,com.google.zxing.ResultPoint) -> a
    float distance(com.google.zxing.ResultPoint,com.google.zxing.ResultPoint) -> b
    float getX() -> c
    float getY() -> d
    void orderBestPatterns(com.google.zxing.ResultPoint[]) -> e