New folder/app/outputs/mapping/release/usage.txt
io.flutter.embedding.engine.systemchannels.RestorationChannel:
    private static final java.lang.String TAG
androidx.viewpager.R$layout
kotlin.collections.ArraysKt___ArraysKt$asSequence$$inlined$Sequence$7
androidx.appcompat.R$anim
kotlin.sequences.SequencesKt___SequencesKt$distinct$1
kotlin.Result$Companion
kotlin.text.CharsKt__CharJVMKt
kotlin.internal.PlatformImplementations
kotlin.text.Charsets
kotlin.coroutines.ContinuationInterceptor
kotlin.jvm.internal.BooleanSpreadBuilder
kotlin.jvm.Throws
kotlin.system.ProcessKt
androidx.appcompat.widget.PopupMenu$3
kotlin.jvm.internal.PropertyReference
androidx.versionedparcelable.VersionedParcel$1
androidx.customview.widget.ExploreByTouchHelper$2
kotlin.io.FilesKt__UtilsKt$copyRecursively$1
kotlin.jvm.internal.DoubleSpreadBuilder
kotlin.jvm.internal.MutablePropertyReference
kotlin.reflect.KProperty2$Getter
kotlin.sequences.SequencesKt__SequencesKt$shuffled$1
androidx.viewpager.R$string
androidx.core.app.ActivityOptionsCompat$ActivityOptionsCompatImpl
kotlin.math.Constants
org.intellij.lang.annotations.Language
androidx.core.app.ActivityRecreator:
    private void <init>()
    private static final java.lang.String LOG_TAG
kotlin.internal.PlatformDependent
kotlin.jvm.internal.ArrayDoubleIterator
kotlin.ranges.RangesKt
androidx.versionedparcelable.NonParcelField
kotlin.random.FallbackThreadLocalRandom$implStorage$1
androidx.fragment.app.FragmentPagerAdapter
androidx.core.view.GravityCompat:
    public static void apply(int,int,int,android.graphics.Rect,android.graphics.Rect,int)
    public static void apply(int,int,int,android.graphics.Rect,int,int,android.graphics.Rect,int)
    public static void applyDisplay(int,android.graphics.Rect,android.graphics.Rect,int)
    private void <init>()
    public static final int RELATIVE_LAYOUT_DIRECTION
    public static final int START
    public static final int END
    public static final int RELATIVE_HORIZONTAL_GRAVITY_MASK
kotlin.jvm.JvmRecord
androidx.appcompat.graphics.drawable.DrawableContainer$DrawableContainerState:
    final void clearMutated()
    public final int getEnterFadeDuration()
    public final int getExitFadeDuration()
    public final boolean isStateful()
androidx.annotation.IntegerRes
kotlin.ranges.LongProgression$Companion
kotlin.reflect.KMutableProperty$Setter
kotlin.sequences.SequencesKt___SequencesKt$zip$1
com.example.flutter_app.R$string
androidx.annotation.InspectableProperty$ValueType
kotlin.coroutines.intrinsics.IntrinsicsKt__IntrinsicsJvmKt$createCoroutineUnintercepted$$inlined$createCoroutineFromSuspendFunction$IntrinsicsKt__IntrinsicsJvmKt$3
androidx.core.R
androidx.core.view.accessibility.AccessibilityNodeInfoCompat$CollectionItemInfoCompat
kotlin.jvm.functions.Function1
kotlin.reflect.KClass$DefaultImpls
io.github.ponnamkarthik.toast.fluttertoast.R$drawable:
    private void <init>()
    public static final int notification_action_background
    public static final int notification_bg
    public static final int notification_bg_low
    public static final int notification_bg_low_normal
    public static final int notification_bg_low_pressed
    public static final int notification_bg_normal
    public static final int notification_bg_normal_pressed
    public static final int notification_icon_background
    public static final int notification_template_icon_bg
    public static final int notification_template_icon_low_bg
    public static final int notification_tile_bg
    public static final int notify_panel_notification_icon_bg
    public static final int toast_bg
kotlin.jvm.internal.FloatCompanionObject
kotlin.properties.ReadOnlyProperty
androidx.core.view.ViewPropertyAnimatorListenerAdapter:
    public void onAnimationEnd(android.view.View)